#
# There is insufficient memory for the Java Runtime Environment to continue.
# Native memory allocation (mmap) failed to map 123731968 bytes for G1 virtual space
# Possible reasons:
#   The system is out of physical RAM or swap space
#   The process is running with CompressedOops enabled, and the Java Heap may be blocking the growth of the native heap
# Possible solutions:
#   Reduce memory load on the system
#   Increase physical memory or swap space
#   Check if swap backing store is full
#   Decrease Java heap size (-Xmx/-Xms)
#   Decrease number of Java threads
#   Decrease Java thread stack sizes (-Xss)
#   Set larger code cache with -XX:ReservedCodeCacheSize=
#   JVM is running with Unscaled Compressed Oops mode in which the Java heap is
#     placed in the first 4GB address space. The Java Heap base address is the
#     maximum limit for the native heap growth. Please use -XX:HeapBaseMinAddress
#     to set the Java Heap base and to place the Java Heap above 4GB virtual address.
# This output file may be truncated or incomplete.
#
#  Out of Memory Error (os_windows.cpp:3600), pid=7800, tid=4328
#
# JRE version:  (21.0+35) (build )
# Java VM: Java HotSpot(TM) 64-Bit Server VM (21+35-LTS-2513, mixed mode, sharing, tiered, compressed oops, compressed class ptrs, g1 gc, windows-amd64)
# No core dump will be written. Minidumps are not enabled by default on client versions of Windows
#

---------------  S U M M A R Y ------------

Command Line: -Dfile.encoding=UTF-8 -Dstdout.encoding=UTF-8 -Dstderr.encoding=UTF-8 -XX:+ShowCodeDetailsInExceptionMessages Principal

Host: Intel(R) Core(TM) i5-3470T CPU @ 2.90GHz, 4 cores, 7G,  Windows 10 , 64 bit Build 19041 (10.0.19041.3570)
Time: Wed Oct 18 21:56:13 2023 Hora est. Pacífico, Sudamérica elapsed time: 0.016732 seconds (0d 0h 0m 0s)

---------------  T H R E A D  ---------------

Current thread (0x0000011aaee7a3d0):  JavaThread "Unknown thread" [_thread_in_vm, id=4328, stack(0x0000001130a00000,0x0000001130b00000) (1024K)]

Stack: [0x0000001130a00000,0x0000001130b00000]
Native frames: (J=compiled Java code, j=interpreted, Vv=VM code, C=native code)
V  [jvm.dll+0x6c8d39]
V  [jvm.dll+0x854091]
V  [jvm.dll+0x85630e]
V  [jvm.dll+0x8569e3]
V  [jvm.dll+0x2809a6]
V  [jvm.dll+0x6c5425]
V  [jvm.dll+0x6b9e1a]
V  [jvm.dll+0x3555ba]
V  [jvm.dll+0x35d206]
V  [jvm.dll+0x3adf6e]
V  [jvm.dll+0x3ae218]
V  [jvm.dll+0x328fcc]
V  [jvm.dll+0x329b5b]
V  [jvm.dll+0x81c699]
V  [jvm.dll+0x3bb2a1]
V  [jvm.dll+0x805688]
V  [jvm.dll+0x44ed9e]
V  [jvm.dll+0x4506a1]
C  [jli.dll+0x52a3]
C  [ucrtbase.dll+0x21bb2]
C  [KERNEL32.DLL+0x17344]
C  [ntdll.dll+0x526b1]


---------------  P R O C E S S  ---------------

Threads class SMR info:
_java_thread_list=0x00007ffc893f7b48, length=0, elements={
}

Java Threads: ( => current thread )
Total: 0

Other Threads:
  0x0000011ab10336f0 WorkerThread "GC Thread#0"                     [id=7548, stack(0x0000001130b00000,0x0000001130c00000) (1024K)]
  0x0000011ab1044180 ConcurrentGCThread "G1 Main Marker"            [id=5704, stack(0x0000001130c00000,0x0000001130d00000) (1024K)]
  0x0000011ab1044b90 WorkerThread "G1 Conc#0"                       [id=1752, stack(0x0000001130d00000,0x0000001130e00000) (1024K)]

[error occurred during error reporting (printing all threads), id 0xc0000005, EXCEPTION_ACCESS_VIOLATION (0xc0000005) at pc=0x00007ffc88b6c097]
VM state: not at safepoint (not fully initialized)

VM Mutex/Monitor currently owned by a thread:  ([mutex/lock_event])
[0x00007ffc89468648] Heap_lock - owner thread: 0x0000011aaee7a3d0

Heap address: 0x000000008ae00000, size: 1874 MB, Compressed Oops mode: 32-bit

CDS archive(s) mapped at: [0x0000000000000000-0x0000000000000000-0x0000000000000000), size 0, SharedBaseAddress: 0x0000000800000000, ArchiveRelocationMode: 1.
Narrow klass base: 0x0000000000000000, Narrow klass shift: 0, Narrow klass range: 0x0

GC Precious Log:
 CardTable entry size: 512
 Card Set container configuration: InlinePtr #cards 5 size 8 Array Of Cards #cards 12 size 40 Howl #buckets 4 coarsen threshold 1843 Howl Bitmap #cards 512 size 80 coarsen threshold 460 Card regions per heap region 1 cards per card region 2048

Heap:
 garbage-first heap   total 0K, used 0K [0x000000008ae00000, 0x0000000100000000)
  region size 1024K, 0 young (0K), 0 survivors (0K)

[error occurred during error reporting (printing heap information), id 0xc0000005, EXCEPTION_ACCESS_VIOLATION (0xc0000005) at pc=0x00007ffc88f51939]
GC Heap History (0 events):
No events

Dll operation events (1 events):
Event: 0.011 Loaded shared library C:\Program Files\Java\jdk-21\bin\java.dll

Deoptimization events (0 events):
No events

Classes loaded (0 events):
No events

Classes unloaded (0 events):
No events

Classes redefined (0 events):
No events

Internal exceptions (0 events):
No events

ZGC Phase Switch (0 events):
No events

VM Operations (0 events):
No events

Events (0 events):
No events


Dynamic libraries:
0x00007ff73b2b0000 - 0x00007ff73b2c0000 	C:\Program Files\Java\jdk-21\bin\javaw.exe
0x00007ffcbffb0000 - 0x00007ffcc01a7000 	C:\Windows\SYSTEM32\ntdll.dll
0x00007ffcbe010000 - 0x00007ffcbe0cd000 	C:\Windows\System32\KERNEL32.DLL
0x00007ffcbd910000 - 0x00007ffcbdc06000 	C:\Windows\System32\KERNELBASE.dll
0x00007ffcbdf10000 - 0x00007ffcbe010000 	C:\Windows\System32\ucrtbase.dll
0x00007ffcb6810000 - 0x00007ffcb682b000 	C:\Program Files\Java\jdk-21\bin\VCRUNTIME140.dll
0x00007ffcb67f0000 - 0x00007ffcb6809000 	C:\Program Files\Java\jdk-21\bin\jli.dll
0x00007ffcbea80000 - 0x00007ffcbeb2e000 	C:\Windows\System32\ADVAPI32.dll
0x00007ffcbe680000 - 0x00007ffcbe71e000 	C:\Windows\System32\msvcrt.dll
0x00007ffcbe580000 - 0x00007ffcbe61c000 	C:\Windows\System32\sechost.dll
0x00007ffcbf360000 - 0x00007ffcbf486000 	C:\Windows\System32\RPCRT4.dll
0x00007ffcbe3e0000 - 0x00007ffcbe57e000 	C:\Windows\System32\USER32.dll
0x00007ffcbd780000 - 0x00007ffcbd7a2000 	C:\Windows\System32\win32u.dll
0x00007ffcbe0f0000 - 0x00007ffcbe11c000 	C:\Windows\System32\GDI32.dll
0x00007ffcbdc10000 - 0x00007ffcbdd2a000 	C:\Windows\System32\gdi32full.dll
0x00007ffcbd6e0000 - 0x00007ffcbd77d000 	C:\Windows\System32\msvcp_win.dll
0x00007ffcb4390000 - 0x00007ffcb462a000 	C:\Windows\WinSxS\amd64_microsoft.windows.common-controls_6595b64144ccf1df_6.0.19041.3570_none_60bb2a3971f3e41a\COMCTL32.dll
0x00007ffcb4ea0000 - 0x00007ffcb4eaa000 	C:\Windows\SYSTEM32\VERSION.dll
0x00007ffcbe1f0000 - 0x00007ffcbe220000 	C:\Windows\System32\IMM32.DLL
0x00007ffcb67e0000 - 0x00007ffcb67ec000 	C:\Program Files\Java\jdk-21\bin\vcruntime140_1.dll
0x00007ffcb6750000 - 0x00007ffcb67de000 	C:\Program Files\Java\jdk-21\bin\msvcp140.dll
0x00007ffc88830000 - 0x00007ffc89543000 	C:\Program Files\Java\jdk-21\bin\server\jvm.dll
0x00007ffcbfb30000 - 0x00007ffcbfb9b000 	C:\Windows\System32\WS2_32.dll
0x00007ffcbd570000 - 0x00007ffcbd5bb000 	C:\Windows\SYSTEM32\POWRPROF.dll
0x00007ffc9ff40000 - 0x00007ffc9ff67000 	C:\Windows\SYSTEM32\WINMM.dll
0x00007ffcbd550000 - 0x00007ffcbd562000 	C:\Windows\SYSTEM32\UMPDC.dll
0x00007ffcbb470000 - 0x00007ffcbb482000 	C:\Windows\SYSTEM32\kernel.appcore.dll
0x00007ffcaf600000 - 0x00007ffcaf60a000 	C:\Program Files\Java\jdk-21\bin\jimage.dll
0x00007ffc9e030000 - 0x00007ffc9e214000 	C:\Windows\SYSTEM32\DBGHELP.DLL
0x00007ffcaba00000 - 0x00007ffcaba34000 	C:\Windows\SYSTEM32\dbgcore.DLL
0x00007ffcbde80000 - 0x00007ffcbdf02000 	C:\Windows\System32\bcryptPrimitives.dll
0x00007ffcaef10000 - 0x00007ffcaef2f000 	C:\Program Files\Java\jdk-21\bin\java.dll

dbghelp: loaded successfully - version: 4.0.5 - missing functions: none
symbol engine: initialized successfully - sym options: 0x614 - pdb path: .;C:\Program Files\Java\jdk-21\bin;C:\Windows\SYSTEM32;C:\Windows\WinSxS\amd64_microsoft.windows.common-controls_6595b64144ccf1df_6.0.19041.3570_none_60bb2a3971f3e41a;C:\Program Files\Java\jdk-21\bin\server

VM Arguments:
jvm_args: -Dfile.encoding=UTF-8 -Dstdout.encoding=UTF-8 -Dstderr.encoding=UTF-8 -XX:+ShowCodeDetailsInExceptionMessages 
java_command: Principal
java_class_path (initial): C:\Users\USUARIO\eclipse-workspace\TALLER-10\bin
Launcher Type: SUN_STANDARD

[Global flags]
     intx CICompilerCount                          = 3                                         {product} {ergonomic}
     uint ConcGCThreads                            = 1                                         {product} {ergonomic}
     uint G1ConcRefinementThreads                  = 4                                         {product} {ergonomic}
   size_t G1HeapRegionSize                         = 1048576                                   {product} {ergonomic}
    uintx GCDrainStackTargetSize                   = 64                                        {product} {ergonomic}
   size_t InitialHeapSize                          = 123731968                                 {product} {ergonomic}
   size_t MarkStackSize                            = 4194304                                   {product} {ergonomic}
   size_t MaxHeapSize                              = 1965031424                                {product} {ergonomic}
   size_t MinHeapDeltaBytes                        = 1048576                                   {product} {ergonomic}
   size_t MinHeapSize                              = 8388608                                   {product} {ergonomic}
    uintx NonNMethodCodeHeapSize                   = 5832780                                {pd product} {ergonomic}
    uintx NonProfiledCodeHeapSize                  = 122912730                              {pd product} {ergonomic}
    uintx ProfiledCodeHeapSize                     = 122912730                              {pd product} {ergonomic}
    uintx ReservedCodeCacheSize                    = 251658240                              {pd product} {ergonomic}
     bool SegmentedCodeCache                       = true                                      {product} {ergonomic}
     bool ShowCodeDetailsInExceptionMessages       = true                                   {manageable} {command line}
   size_t SoftMaxHeapSize                          = 1965031424                             {manageable} {ergonomic}
     bool UseCompressedOops                        = true                           {product lp64_product} {ergonomic}
     bool UseG1GC                                  = true                                      {product} {ergonomic}
     bool UseLargePagesIndividualAllocation        = false                                  {pd product} {ergonomic}

Logging:
Log output configuration:
 #0: stdout all=warning uptime,level,tags foldmultilines=false
 #1: stderr all=off uptime,level,tags foldmultilines=false

Environment Variables:
PATH=C:/Users/USUARIO/.p2/pool/plugins/org.eclipse.justj.openjdk.hotspot.jre.full.win32.x86_64_17.0.8.v20230831-1047/jre/bin/server;C:/Users/USUARIO/.p2/pool/plugins/org.eclipse.justj.openjdk.hotspot.jre.full.win32.x86_64_17.0.8.v20230831-1047/jre/bin;C:\Program Files\Common Files\Oracle\Java\javapath;C:\Program Files (x86)\VMware\VMware Workstation\bin\;C:\Program Files\AdoptOpenJDK\jre-11.0.7.10-hotspot\bin;C:\Program Files (x86)\Embarcadero\Studio\21.0\bin;C:\Users\Public\Documents\Embarcadero\Studio\21.0\Bpl;C:\Program Files (x86)\Embarcadero\Studio\21.0\bin64;C:\Users\Public\Documents\Embarcadero\Studio\21.0\Bpl\Win64;C:\Program Files (x86)\NVIDIA Corporation\PhysX\Common;C:\Program Files (x86)\Common Files\Oracle\Java\javapath;C:\Windows\system32;C:\Windows;C:\Windows\System32\Wbem;C:\Windows\System32\WindowsPowerShell\v1.0\;C:\Windows\System32\OpenSSH\;C:\Program Files\dotnet\;C:\Program Files\Process Lasso\;C:\Program Files (x86)\Windows Kits\10\Windows Performance Toolkit\;C:\Program Files (x86)\Intel\OpenCL SDK\2.0\bin\x86;C:\Program Files (x86)\Intel\OpenCL SDK\2.0\bin\x64;C:\Program Files\Java\jdk-21\bin;C:\Users\USUARIO\AppData\Local\Programs\Python\Python310\Scripts\;C:\Users\USUARIO\AppData\Local\Programs\Python\Python310\;C:\Users\USUARIO\AppData\Local\Microsoft\WindowsApps;C:\Users\USUARIO\AppData\Local\Programs\Microsoft VS Code\bin;C:\Users\USUARIO\AppData\Local\GitHubDesktop\bin;C:\Program Files\JetBrains\PyCharm Community Edition 2022.1.3\bin;;C:\Program Files\CodeBlocks\MinGW\bin;;C:\Users\USUARIO\Desktop;
USERNAME=USUARIO
OS=Windows_NT
PROCESSOR_IDENTIFIER=Intel64 Family 6 Model 58 Stepping 9, GenuineIntel
TMP=C:\Users\USUARIO\AppData\Local\Temp
TEMP=C:\Users\USUARIO\AppData\Local\Temp




---------------  S Y S T E M  ---------------

OS:
 Windows 10 , 64 bit Build 19041 (10.0.19041.3570)
OS uptime: 0 days 2:50 hours

CPU: total 4 (initial active 4) (2 cores per cpu, 2 threads per core) family 6 model 58 stepping 9 microcode 0x21, cx8, cmov, fxsr, ht, mmx, sse, sse2, sse3, ssse3, sse4.1, sse4.2, popcnt, tsc, tscinvbit, avx, aes, erms, clmul, vzeroupper, clflush, rdtscp, f16c
Processor Information for all 4 processors :
  Max Mhz: 2901, Current Mhz: 2901, Mhz Limit: 2901

Memory: 4k page, system-wide physical 7494M (1130M free)
TotalPageFile size 7494M (AvailPageFile size 72M)
current process WorkingSet (physical memory assigned to process): 10M, peak: 10M
current process commit charge ("private bytes"): 51M, peak: 169M

vm_info: Java HotSpot(TM) 64-Bit Server VM (21+35-LTS-2513) for windows-amd64 JRE (21+35-LTS-2513), built on 2023-08-09T20:25:10Z by "mach5one" with MS VC++ 17.1 (VS2022)

END.
