#
# A fatal error has been detected by the Java Runtime Environment:
#
#  EXCEPTION_ACCESS_VIOLATION (0xc0000005) at pc=0x00007ffd24661bc5, pid=10976, tid=7536
#
# JRE version:  (21.0+35) (build )
# Java VM: Java HotSpot(TM) 64-Bit Server VM (21+35-LTS-2513, mixed mode, sharing, tiered, compressed class ptrs, unknown gc, windows-amd64)
# Problematic frame:
# C  [jimage.dll+0x1bc5]
#
# No core dump will be written. Minidumps are not enabled by default on client versions of Windows
#
#

---------------  S U M M A R Y ------------

Command Line: 

Host: Intel(R) Core(TM) i5-3470T CPU @ 2.90GHz, 4 cores, 7G,  Windows 10 , 64 bit Build 19041 (10.0.19041.3570)
Time: Tue Oct 17 22:52:52 2023 Hora est. Pacífico, Sudamérica elapsed time: 0.166200 seconds (0d 0h 0m 0s)

---------------  T H R E A D  ---------------

Current thread is native thread

Stack: [0x0000003c9dd00000,0x0000003c9de00000],  sp=0x0000003c9ddfd150,  free space=1012k
Native frames: (J=compiled Java code, j=interpreted, Vv=VM code, C=native code)
C  [jimage.dll+0x1bc5]


siginfo: EXCEPTION_ACCESS_VIOLATION (0xc0000005), reading address 0x000000000000cdac


Registers:
RAX=0x0000000000003364, RBX=0x0000003c9ddfd241, RCX=0x00007ffd24666000, RDX=0x0000000000003364
RSP=0x0000003c9ddfd150, RBP=0x0000003c9ddfd240, RSI=0x0000000000007704, RDI=0x0000003c9ddfd240
R8 =0x00007ffd24664298, R9 =0x000000000000001c, R10=0x00007ffd22530000, R11=0x00007ffd24666000
R12=0x0000000000000000, R13=0x0000003c9ddff6c0, R14=0x0000003c9ddfe2b0, R15=0x00007ffcea5509b8
RIP=0x00007ffd24661bc5, EFLAGS=0x0000000000010246


Top of Stack: (sp=0x0000003c9ddfd150)
0x0000003c9ddfd150:   0000000000000000 0000018653270000
0x0000003c9ddfd160:   00007ffd346c0000 0000000000001000
0x0000003c9ddfd170:   000001865327c3e0 00007ffd24661d53
0x0000003c9ddfd180:   000000000000000b 000001865327c3e0
0x0000003c9ddfd190:   0000000000000048 00007ffd00000001
0x0000003c9ddfd1a0:   0000000000000000 0000000000000000
0x0000003c9ddfd1b0:   0000000000000070 ffffffffffffffff
0x0000003c9ddfd1c0:   ffffffffffffffff 00007ffd36b3c280
0x0000003c9ddfd1d0:   0000018653275cc0 0000003c9ddfd788
0x0000003c9ddfd1e0:   0000e07a508444ef 0000000016000016
0x0000003c9ddfd1f0:   00007ffcea52e430 0000000000000017
0x0000003c9ddfd200:   000001865327c3e0 0000003c9ddfe2b0
0x0000003c9ddfd210:   000000000000000b 00007ffd2466261d
0x0000003c9ddfd220:   00000000000009de 00000000000009de
0x0000003c9ddfd230:   00000000000009de 0000018653270000
0x0000003c9ddfd240:   61622e6176616a2f 692f6b646a2f6573
0x0000003c9ddfd250:   2f6c616e7265746e 6f6974706f2f6d76
0x0000003c9ddfd260:   000001865300736e 00007ffd000003ff
0x0000003c9ddfd270:   0000018653356fc0 00007ffd36adee55
0x0000003c9ddfd280:   0000018653270000 00007ffd36aeead2
0x0000003c9ddfd290:   000001865334d1e0 0000018653270000
0x0000003c9ddfd2a0:   0000018653270000 00007ffd36ade715
0x0000003c9ddfd2b0:   0000018653270000 00000000000009de
0x0000003c9ddfd2c0:   0000000000007e90 00007ffd36ad9b1a
0x0000003c9ddfd2d0:   0000018653270000 0000000000000004
0x0000003c9ddfd2e0:   0000018653278910 0000000000005e90
0x0000003c9ddfd2f0:   00000000c000012d 00007ffd36b7abd8
0x0000003c9ddfd300:   0000018653270000 0000003c9ddfd350
0x0000003c9ddfd310:   0000000000000000 0000000000000000
0x0000003c9ddfd320:   0000003c00001000 0000018600000004
0x0000003c9ddfd330:   0000000000000004 00007ffd34a4ef82
0x0000003c9ddfd340:   0000000000007000 0000018653275cc0 

Instructions: (pc=0x00007ffd24661bc5)
0x00007ffd24661ac5:   48 85 c9 74 1d 80 3d 3f 45 00 00 00 74 06 48 8b
0x00007ffd24661ad5:   53 18 eb 04 48 8b 53 40 e8 9a 0e 00 00 48 83 63
0x00007ffd24661ae5:   48 00 8b 4b 0c 83 f9 ff 74 09 e8 d0 0c 00 00 83
0x00007ffd24661af5:   4b 0c ff 48 8b 4b 70 48 85 c9 74 0f ba 10 00 00
0x00007ffd24661b05:   00 e8 f1 0e 00 00 48 83 63 70 00 48 83 c4 20 5b
0x00007ffd24661b15:   c3 cc cc 40 53 48 83 ec 20 48 8b d9 48 8d 0d f8
0x00007ffd24661b25:   46 00 00 e8 9f 0c 00 00 83 6b 08 01 75 24 48 8b
0x00007ffd24661b35:   d3 48 8d 0d db 44 00 00 e8 22 08 00 00 48 8b cb
0x00007ffd24661b45:   e8 d6 fe ff ff ba 78 00 00 00 48 8b cb e8 a5 0e
0x00007ffd24661b55:   00 00 48 8d 0d c2 46 00 00 48 83 c4 20 5b e9 6c
0x00007ffd24661b65:   0c 00 00 48 89 5c 24 08 48 89 74 24 10 57 48 83
0x00007ffd24661b75:   ec 20 41 8b f1 4d 8b c8 48 8b fa 4c 8b d9 4d 85
0x00007ffd24661b85:   c0 74 78 85 f6 74 74 44 8a 12 48 8d 5a 01 48 8b
0x00007ffd24661b95:   d3 b8 93 01 00 01 eb 12 69 c0 93 01 00 01 41 0f
0x00007ffd24661ba5:   b6 ca 44 8a 12 33 c1 48 ff c2 45 84 d2 75 e9 4d
0x00007ffd24661bb5:   8b 03 0f ba f0 1f 33 d2 49 8b cb f7 f6 48 63 c2
0x00007ffd24661bc5:   41 8b 14 81 41 ff 50 08 85 c0 7e 24 8a 0f eb 10
0x00007ffd24661bd5:   69 c0 93 01 00 01 0f b6 c9 33 c1 8a 0b 48 ff c3
0x00007ffd24661be5:   84 c9 75 ec 0f ba f0 1f 33 d2 f7 f6 8b c2 eb 0e
0x00007ffd24661bf5:   79 09 83 c9 ff 2b c8 8b c1 eb 03 83 c8 ff 48 8b
0x00007ffd24661c05:   5c 24 30 48 8b 74 24 38 48 83 c4 20 5f c3 cc 48
0x00007ffd24661c15:   89 5c 24 08 48 89 74 24 10 57 48 83 ec 20 48 8b
0x00007ffd24661c25:   f1 48 8d 0d f3 45 00 00 e8 9a 0b 00 00 33 ff 39
0x00007ffd24661c35:   3d de 43 00 00 76 24 48 8b 05 dd 43 00 00 48 8b
0x00007ffd24661c45:   d6 48 8b 1c f8 48 8b 0b e8 68 1e 00 00 85 c0 74
0x00007ffd24661c55:   2b ff c7 3b 3d ba 43 00 00 72 dc 33 db 48 8d 0d
0x00007ffd24661c65:   b7 45 00 00 e8 66 0b 00 00 48 8b 74 24 38 48 8b
0x00007ffd24661c75:   c3 48 8b 5c 24 30 48 83 c4 20 5f c3 ff 43 08 eb
0x00007ffd24661c85:   dc cc cc 48 89 5c 24 08 48 89 74 24 10 57 48 83
0x00007ffd24661c95:   ec 20 48 8b d9 48 8b f2 48 8b 49 10 49 8b f8 8b
0x00007ffd24661ca5:   53 30 48 8b 01 ff 50 20 4c 8b 43 50 48 8b d6 48
0x00007ffd24661cb5:   8b 4b 10 44 8b c8 e8 a8 fe ff ff 83 f8 ff 74 38 



---------------  P R O C E S S  ---------------

VM state: not at safepoint (not fully initialized)

VM Mutex/Monitor currently owned by a thread: None

CDS archive(s) mapped at: [0x0000000000000000-0x0000000000000000-0x0000000000000000), size 0, SharedBaseAddress: 0x0000000800000000, ArchiveRelocationMode: 1.
Narrow klass base: 0x0000000000000000, Narrow klass shift: 0, Narrow klass range: 0x0

GC Precious Log:
<Not initialized>


Dynamic libraries:
0x00007ff6e47c0000 - 0x00007ff6e47d0000 	C:\Program Files\Java\jdk-21\bin\javaw.exe
0x00007ffd36ad0000 - 0x00007ffd36cc7000 	C:\Windows\SYSTEM32\ntdll.dll
0x00007ffd34b50000 - 0x00007ffd34c0d000 	C:\Windows\System32\KERNEL32.DLL
0x00007ffd34370000 - 0x00007ffd34666000 	C:\Windows\System32\KERNELBASE.dll
0x00007ffd34a30000 - 0x00007ffd34b30000 	C:\Windows\System32\ucrtbase.dll
0x00007ffd2a060000 - 0x00007ffd2a079000 	C:\Program Files\Java\jdk-21\bin\jli.dll
0x00007ffd35690000 - 0x00007ffd3573e000 	C:\Windows\System32\ADVAPI32.dll
0x00007ffd34fd0000 - 0x00007ffd3506e000 	C:\Windows\System32\msvcrt.dll
0x00007ffd355f0000 - 0x00007ffd3568c000 	C:\Windows\System32\sechost.dll
0x00007ffd34ca0000 - 0x00007ffd34dc6000 	C:\Windows\System32\RPCRT4.dll
0x00007ffd362f0000 - 0x00007ffd3648e000 	C:\Windows\System32\USER32.dll
0x00007ffd34340000 - 0x00007ffd34362000 	C:\Windows\System32\win32u.dll
0x00007ffd34ef0000 - 0x00007ffd34f1c000 	C:\Windows\System32\GDI32.dll
0x00007ffd34910000 - 0x00007ffd34a2a000 	C:\Windows\System32\gdi32full.dll
0x00007ffd34870000 - 0x00007ffd3490d000 	C:\Windows\System32\msvcp_win.dll
0x00007ffd22530000 - 0x00007ffd2254b000 	C:\Program Files\Java\jdk-21\bin\VCRUNTIME140.dll
0x00007ffd2ad10000 - 0x00007ffd2afaa000 	C:\Windows\WinSxS\amd64_microsoft.windows.common-controls_6595b64144ccf1df_6.0.19041.3570_none_60bb2a3971f3e41a\COMCTL32.dll
0x00007ffd2bdc0000 - 0x00007ffd2bdca000 	C:\Windows\SYSTEM32\VERSION.dll
0x00007ffd36a60000 - 0x00007ffd36a90000 	C:\Windows\System32\IMM32.DLL
0x00007ffd29420000 - 0x00007ffd2942c000 	C:\Program Files\Java\jdk-21\bin\vcruntime140_1.dll
0x00007ffd21230000 - 0x00007ffd212be000 	C:\Program Files\Java\jdk-21\bin\msvcp140.dll
0x00007ffce9ba0000 - 0x00007ffcea8b3000 	C:\Program Files\Java\jdk-21\bin\server\jvm.dll
0x00007ffd35580000 - 0x00007ffd355eb000 	C:\Windows\System32\WS2_32.dll
0x00007ffd34090000 - 0x00007ffd340db000 	C:\Windows\SYSTEM32\POWRPROF.dll
0x00007ffd14400000 - 0x00007ffd14427000 	C:\Windows\SYSTEM32\WINMM.dll
0x00007ffd33ff0000 - 0x00007ffd34002000 	C:\Windows\SYSTEM32\UMPDC.dll
0x00007ffd31f90000 - 0x00007ffd31fa2000 	C:\Windows\SYSTEM32\kernel.appcore.dll
0x00007ffd24660000 - 0x00007ffd2466a000 	C:\Program Files\Java\jdk-21\bin\jimage.dll
0x00007ffd159b0000 - 0x00007ffd15b94000 	C:\Windows\SYSTEM32\DBGHELP.DLL
0x00007ffd346c0000 - 0x00007ffd34742000 	C:\Windows\System32\bcryptPrimitives.dll

dbghelp: loaded successfully - version: 4.0.5 - missing functions: MiniDumpWriteDump
symbol engine: initialized successfully - sym options: 0x614 - pdb path: .;C:\Program Files\Java\jdk-21\bin;C:\Windows\SYSTEM32;C:\Windows\WinSxS\amd64_microsoft.windows.common-controls_6595b64144ccf1df_6.0.19041.3570_none_60bb2a3971f3e41a;C:\Program Files\Java\jdk-21\bin\server

VM Arguments:
java_command: <unknown>
java_class_path (initial): <not set>
Launcher Type: SUN_STANDARD

[Global flags]
     bool UseLargePagesIndividualAllocation        = false                                  {pd product} {ergonomic}

Logging:
Log output configuration:
 #0: stdout all=warning uptime,level,tags foldmultilines=false
 #1: stderr all=off uptime,level,tags foldmultilines=false

Environment Variables:
PATH=C:/Users/USUARIO/.p2/pool/plugins/org.eclipse.justj.openjdk.hotspot.jre.full.win32.x86_64_17.0.8.v20230831-1047/jre/bin/server;C:/Users/USUARIO/.p2/pool/plugins/org.eclipse.justj.openjdk.hotspot.jre.full.win32.x86_64_17.0.8.v20230831-1047/jre/bin;C:\Program Files\Common Files\Oracle\Java\javapath;C:\Program Files (x86)\VMware\VMware Workstation\bin\;C:\Program Files\AdoptOpenJDK\jre-11.0.7.10-hotspot\bin;C:\Program Files (x86)\Embarcadero\Studio\21.0\bin;C:\Users\Public\Documents\Embarcadero\Studio\21.0\Bpl;C:\Program Files (x86)\Embarcadero\Studio\21.0\bin64;C:\Users\Public\Documents\Embarcadero\Studio\21.0\Bpl\Win64;C:\Program Files (x86)\NVIDIA Corporation\PhysX\Common;C:\Program Files (x86)\Common Files\Oracle\Java\javapath;C:\Windows\system32;C:\Windows;C:\Windows\System32\Wbem;C:\Windows\System32\WindowsPowerShell\v1.0\;C:\Windows\System32\OpenSSH\;C:\Program Files\dotnet\;C:\Program Files\Process Lasso\;C:\Program Files (x86)\Windows Kits\10\Windows Performance Toolkit\;C:\Program Files (x86)\Intel\OpenCL SDK\2.0\bin\x86;C:\Program Files (x86)\Intel\OpenCL SDK\2.0\bin\x64;C:\Program Files\Java\jdk-21\bin;C:\Users\USUARIO\AppData\Local\Programs\Python\Python310\Scripts\;C:\Users\USUARIO\AppData\Local\Programs\Python\Python310\;C:\Users\USUARIO\AppData\Local\Microsoft\WindowsApps;C:\Users\USUARIO\AppData\Local\Programs\Microsoft VS Code\bin;C:\Users\USUARIO\AppData\Local\GitHubDesktop\bin;C:\Program Files\JetBrains\PyCharm Community Edition 2022.1.3\bin;;C:\Program Files\CodeBlocks\MinGW\bin;;C:\Users\USUARIO\Desktop;
USERNAME=USUARIO
OS=Windows_NT
PROCESSOR_IDENTIFIER=Intel64 Family 6 Model 58 Stepping 9, GenuineIntel
TMP=C:\Users\USUARIO\AppData\Local\Temp
TEMP=C:\Users\USUARIO\AppData\Local\Temp




---------------  S Y S T E M  ---------------

OS:
 Windows 10 , 64 bit Build 19041 (10.0.19041.3570)
OS uptime: 0 days 3:16 hours

CPU: total 4 (initial active 0) 
Processor Information for all 4 processors :
  Max Mhz: 2901, Current Mhz: 2901, Mhz Limit: 2901

Memory: 4k page, system-wide physical 7494M (1486M free)
TotalPageFile size 7494M (AvailPageFile size 451M)
current process WorkingSet (physical memory assigned to process): 7M, peak: 7M
current process commit charge ("private bytes"): 2M, peak: 3M

vm_info: Java HotSpot(TM) 64-Bit Server VM (21+35-LTS-2513) for windows-amd64 JRE (21+35-LTS-2513), built on 2023-08-09T20:25:10Z by "mach5one" with MS VC++ 17.1 (VS2022)

END.
